<?xml version="1.0" encoding="UTF-8"?>
<!-- Generated by org.testng.reporters.JUnitReportReporter -->
<testsuite hostname="kali" failures="0" tests="1" name="mcitproject.AppTest" time="0.030" errors="0" timestamp="14 Aug. 2019 01:31:23 GMT" skipped="0">
  <testcase classname="mcitproject.AppTest" name="shouldAnswerWithTrue" time="0.030"/>
</testsuite> <!-- mcitproject.AppTest -->
